<?xml version="1.0" encoding="UTF-8"?>
<!-- Generated by org.testng.reporters.JUnitXMLReporter -->
<testsuite hostname="user-PC" name="Test" tests="1" failures="0" timestamp="12 Sep 2018 17:08:28 GMT" time="1.076" errors="0">
  <testcase name="@BeforeTest beforeTest" time="0.0" classname="Steps.SignUpSteps">
    <failure type="java.lang.IllegalStateException" message="The driver executable does not exist: C:\ejagruti\mm\DRIVERS\chromedriver_from_32 and 64 bit_worked for version_v64-66.exe">
      <![CDATA[java.lang.IllegalStateException: The driver executable does not exist: C:\ejagruti\mm\DRIVERS\chromedriver_from_32 and 64 bit_worked for version_v64-66.exe
	at com.google.common.base.Preconditions.checkState(Preconditions.java:585)
	at org.openqa.selenium.remote.service.DriverService.checkExecutable(DriverService.java:137)
	at org.openqa.selenium.remote.service.DriverService.findExecutable(DriverService.java:132)
	at org.openqa.selenium.chrome.ChromeDriverService.access$000(ChromeDriverService.java:35)
	at org.openqa.selenium.chrome.ChromeDriverService$Builder.findDefaultExecutable(ChromeDriverService.java:156)
	at org.openqa.selenium.remote.service.DriverService$Builder.build(DriverService.java:346)
	at org.openqa.selenium.chrome.ChromeDriverService.createDefaultService(ChromeDriverService.java:91)
	at org.openqa.selenium.chrome.ChromeDriver.<init>(ChromeDriver.java:123)
	at Steps.BaseClass.beforeTest(BaseClass.java:42)
... Removed 22 stack frames]]>
    </failure>
  </testcase> <!-- @BeforeTest beforeTest -->
  <testcase name="fB" time="0.0" classname="Steps.SignUpSteps">
    <skipped/>
  </testcase> <!-- fB -->
</testsuite> <!-- Test -->
